Build started 22/10/2015 03:25:21.
     1>Project "C:\Users\Manish\Documents\Visual Studio 2013\Projects\KnapSack\Bengine\Bengine.vcxproj" on node 2 (Build target(s)).
     1>InitializeBuildStatus:
         Creating "Release\Bengine.tlog\unsuccessfulbuild" because "AlwaysCreate" was specified.
       ClCompile:
         D:\Visual Studio 2013\VC\bin\CL.exe /c /Zi /nologo /W3 /WX- /sdl /O2 /Oi /Oy- /GL /D WIN32 /D NDEBUG /D _LIB /D _UNICODE /D UNICODE /Gm- /EHsc /MD /GS /Gy /fp:precise /Zc:wchar_t /Zc:forScope /Fo"Release\\" /Fd"Release\vc120.pdb" /Gd /TP /analyze- /errorReport:prompt ResourceManager.cpp
         ResourceManager.cpp
       Lib:
         D:\Visual Studio 2013\VC\bin\Lib.exe /OUT:"C:\Users\Manish\Documents\Visual Studio 2013\Projects\KnapSack\Release\Bengine.lib" SDL2.lib SDL2main.lib SDL2test.lib opengl32.lib glew32.lib /NOLOGO /LTCG Release\Bengine.obj
         Release\Camera2D.obj
         Release\Errors.obj
         Release\GLSLProgram.obj
         Release\ImageLoader.obj
         Release\InputManager.obj
         Release\IOManager.obj
         Release\picoPNG.obj
         Release\ResourceManager.obj
         Release\Sprite.obj
         Release\SpriteBatch.obj
         Release\TextureCache.obj
         Release\Timing.obj
         Release\Window.obj
     1>opengl32.lib(OPENGL32.dll) : warning LNK4006: __NULL_IMPORT_DESCRIPTOR already defined in SDL2.lib(SDL2.dll); second definition ignored
     1>glew32.lib(glew32.dll) : warning LNK4006: __NULL_IMPORT_DESCRIPTOR already defined in SDL2.lib(SDL2.dll); second definition ignored
         Bengine.vcxproj -> C:\Users\Manish\Documents\Visual Studio 2013\Projects\KnapSack\Release\Bengine.lib
       FinalizeBuildStatus:
         Deleting file "Release\Bengine.tlog\unsuccessfulbuild".
         Touching "Release\Bengine.tlog\Bengine.lastbuildstate".
     1>Done Building Project "C:\Users\Manish\Documents\Visual Studio 2013\Projects\KnapSack\Bengine\Bengine.vcxproj" (Build target(s)).

Build succeeded.

Time Elapsed 00:00:05.26
