c:\users\manish\documents\visual studio 2013\projects\knapsack\bengine\debug\vc120.pdb
c:\users\manish\documents\visual studio 2013\projects\knapsack\bengine\debug\vc120.idb
c:\users\manish\documents\visual studio 2013\projects\knapsack\bengine\debug\bengine.obj
c:\users\manish\documents\visual studio 2013\projects\knapsack\bengine\debug\camera2d.obj
c:\users\manish\documents\visual studio 2013\projects\knapsack\bengine\debug\errors.obj
c:\users\manish\documents\visual studio 2013\projects\knapsack\bengine\debug\glslprogram.obj
c:\users\manish\documents\visual studio 2013\projects\knapsack\bengine\debug\imageloader.obj
c:\users\manish\documents\visual studio 2013\projects\knapsack\bengine\debug\inputmanager.obj
c:\users\manish\documents\visual studio 2013\projects\knapsack\bengine\debug\iomanager.obj
c:\users\manish\documents\visual studio 2013\projects\knapsack\bengine\debug\picopng.obj
c:\users\manish\documents\visual studio 2013\projects\knapsack\bengine\debug\resourcemanager.obj
c:\users\manish\documents\visual studio 2013\projects\knapsack\bengine\debug\sprite.obj
c:\users\manish\documents\visual studio 2013\projects\knapsack\bengine\debug\spritebatch.obj
c:\users\manish\documents\visual studio 2013\projects\knapsack\bengine\debug\texturecache.obj
c:\users\manish\documents\visual studio 2013\projects\knapsack\bengine\debug\timing.obj
c:\users\manish\documents\visual studio 2013\projects\knapsack\bengine\debug\window.obj
c:\users\manish\documents\visual studio 2013\projects\knapsack\debug\bengine.lib
c:\users\manish\documents\visual studio 2013\projects\knapsack\bengine\debug\bengine.tlog\cl.command.1.tlog
c:\users\manish\documents\visual studio 2013\projects\knapsack\bengine\debug\bengine.tlog\cl.read.1.tlog
c:\users\manish\documents\visual studio 2013\projects\knapsack\bengine\debug\bengine.tlog\cl.write.1.tlog
c:\users\manish\documents\visual studio 2013\projects\knapsack\bengine\debug\bengine.tlog\lib-link.read.1.tlog
c:\users\manish\documents\visual studio 2013\projects\knapsack\bengine\debug\bengine.tlog\lib-link.write.1.tlog
c:\users\manish\documents\visual studio 2013\projects\knapsack\bengine\debug\bengine.tlog\lib.command.1.tlog
