c:\users\manish\documents\visual studio 2013\projects\knapsack\knapsack\debug\vc120.pdb
c:\users\manish\documents\visual studio 2013\projects\knapsack\knapsack\debug\vc120.idb
c:\users\manish\documents\visual studio 2013\projects\knapsack\knapsack\debug\agent.obj
c:\users\manish\documents\visual studio 2013\projects\knapsack\knapsack\debug\bullet.obj
c:\users\manish\documents\visual studio 2013\projects\knapsack\knapsack\debug\gun.obj
c:\users\manish\documents\visual studio 2013\projects\knapsack\knapsack\debug\human.obj
c:\users\manish\documents\visual studio 2013\projects\knapsack\knapsack\debug\level.obj
c:\users\manish\documents\visual studio 2013\projects\knapsack\knapsack\debug\main.obj
c:\users\manish\documents\visual studio 2013\projects\knapsack\knapsack\debug\maingame.obj
c:\users\manish\documents\visual studio 2013\projects\knapsack\knapsack\debug\player.obj
c:\users\manish\documents\visual studio 2013\projects\knapsack\knapsack\debug\zombie.obj
c:\users\manish\documents\visual studio 2013\projects\knapsack\debug\knapsack.ilk
c:\users\manish\documents\visual studio 2013\projects\knapsack\debug\knapsack.exe
c:\users\manish\documents\visual studio 2013\projects\knapsack\debug\knapsack.pdb
c:\users\manish\documents\visual studio 2013\projects\knapsack\knapsack\debug\knapsack.tlog\cl.command.1.tlog
c:\users\manish\documents\visual studio 2013\projects\knapsack\knapsack\debug\knapsack.tlog\cl.read.1.tlog
c:\users\manish\documents\visual studio 2013\projects\knapsack\knapsack\debug\knapsack.tlog\cl.write.1.tlog
c:\users\manish\documents\visual studio 2013\projects\knapsack\knapsack\debug\knapsack.tlog\link.command.1.tlog
c:\users\manish\documents\visual studio 2013\projects\knapsack\knapsack\debug\knapsack.tlog\link.read.1.tlog
c:\users\manish\documents\visual studio 2013\projects\knapsack\knapsack\debug\knapsack.tlog\link.write.1.tlog
